<?xml version="1.0" encoding="UTF-8"?>
<!-- Generated by org.testng.reporters.JUnitXMLReporter -->
<testsuite ignored="18" hostname="DESKTOP-TCG2L2E" failures="0" tests="10" name="chrome" time="449.643" errors="0" timestamp="2022-05-21T13:17:29 IST">
  <testcase classname="com.vtiger.organizationsTCTest.CheckMassEditFromOrganizationRecordsTest" name="checkMassEditFromOrganizationRecordsTest" time="13.431"/>
  <testcase classname="com.vtiger.campaignTest.CreateCampaignTest" name="createCampaignByTestNgTest" time="25.199"/>
  <testcase classname="com.vtiger.campaignTest.CreateCampaignWithProductsTest" name="createCampaignWithProductsByTest" time="42.172"/>
  <testcase classname="com.vtiger.contactsTest.CreateContactsWithOrganizationTest" name="createContactWithOrganizationByTestNgTest" time="45.056"/>
  <testcase classname="com.vtiger.organizationsTCTest.TcSearchOrganizationsByAssignedToTest" name="tcSearchOrganizationsByAssignedToByTestNgTest" time="29.73"/>
  <testcase classname="com.vtiger.organizationsTCTest.CheckOrganizationSettingTest" name="checkOrganizationSettingByTestNgTest" time="17.43"/>
  <testcase classname="com.vtiger.organizationsTest.CreateOrganizationsTest" name="createOrganizationByTestNgTest" time="25.518"/>
  <testcase classname="com.vtiger.productsTest.CreateProductsTest" name="createProductsFromPropertiesByTestNgTest" time="25.639"/>
  <testcase classname="com.vtiger.organizationsTCTest.OpenCreatedOrganizationFromOrganizationListTest" name="openCreatedOrganizationFromOrganizationListByTestNgTest" time="33.516"/>
  <testcase classname="com.vtiger.contactsTest.CreateContactsTest" name="createContactWithExternalExcelByTestNgTest" time="23.649"/>
  <testcase classname="com.sdet34l1.genericUtility.BaseClass" name="@BeforeSuite beforeSuite1Test" time="0.0">
    <ignored/>
  </testcase> <!-- @BeforeSuite beforeSuite1Test -->
  <testcase classname="com.sdet34l1.genericUtility.BaseClass" name="@BeforeSuite beforeSuite1Test" time="0.0">
    <ignored/>
  </testcase> <!-- @BeforeSuite beforeSuite1Test -->
  <testcase classname="com.sdet34l1.genericUtility.BaseClass" name="@BeforeSuite beforeSuite1Test" time="0.0">
    <ignored/>
  </testcase> <!-- @BeforeSuite beforeSuite1Test -->
  <testcase classname="com.sdet34l1.genericUtility.BaseClass" name="@BeforeSuite beforeSuite1Test" time="0.0">
    <ignored/>
  </testcase> <!-- @BeforeSuite beforeSuite1Test -->
  <testcase classname="com.sdet34l1.genericUtility.BaseClass" name="@BeforeSuite beforeSuite1Test" time="0.0">
    <ignored/>
  </testcase> <!-- @BeforeSuite beforeSuite1Test -->
  <testcase classname="com.sdet34l1.genericUtility.BaseClass" name="@BeforeSuite beforeSuite1Test" time="0.0">
    <ignored/>
  </testcase> <!-- @BeforeSuite beforeSuite1Test -->
  <testcase classname="com.sdet34l1.genericUtility.BaseClass" name="@BeforeSuite beforeSuite1Test" time="0.0">
    <ignored/>
  </testcase> <!-- @BeforeSuite beforeSuite1Test -->
  <testcase classname="com.sdet34l1.genericUtility.BaseClass" name="@BeforeSuite beforeSuite1Test" time="0.0">
    <ignored/>
  </testcase> <!-- @BeforeSuite beforeSuite1Test -->
  <testcase classname="com.sdet34l1.genericUtility.BaseClass" name="@BeforeSuite beforeSuite1Test" time="0.0">
    <ignored/>
  </testcase> <!-- @BeforeSuite beforeSuite1Test -->
  <testcase classname="com.sdet34l1.genericUtility.BaseClass" name="@AfterSuite afterSuite1Test" time="0.0">
    <ignored/>
  </testcase> <!-- @AfterSuite afterSuite1Test -->
  <testcase classname="com.sdet34l1.genericUtility.BaseClass" name="@AfterSuite afterSuite1Test" time="0.0">
    <ignored/>
  </testcase> <!-- @AfterSuite afterSuite1Test -->
  <testcase classname="com.sdet34l1.genericUtility.BaseClass" name="@AfterSuite afterSuite1Test" time="0.0">
    <ignored/>
  </testcase> <!-- @AfterSuite afterSuite1Test -->
  <testcase classname="com.sdet34l1.genericUtility.BaseClass" name="@AfterSuite afterSuite1Test" time="0.0">
    <ignored/>
  </testcase> <!-- @AfterSuite afterSuite1Test -->
  <testcase classname="com.sdet34l1.genericUtility.BaseClass" name="@AfterSuite afterSuite1Test" time="0.0">
    <ignored/>
  </testcase> <!-- @AfterSuite afterSuite1Test -->
  <testcase classname="com.sdet34l1.genericUtility.BaseClass" name="@AfterSuite afterSuite1Test" time="0.0">
    <ignored/>
  </testcase> <!-- @AfterSuite afterSuite1Test -->
  <testcase classname="com.sdet34l1.genericUtility.BaseClass" name="@AfterSuite afterSuite1Test" time="0.0">
    <ignored/>
  </testcase> <!-- @AfterSuite afterSuite1Test -->
  <testcase classname="com.sdet34l1.genericUtility.BaseClass" name="@AfterSuite afterSuite1Test" time="0.0">
    <ignored/>
  </testcase> <!-- @AfterSuite afterSuite1Test -->
  <testcase classname="com.sdet34l1.genericUtility.BaseClass" name="@AfterSuite afterSuite1Test" time="0.0">
    <ignored/>
  </testcase> <!-- @AfterSuite afterSuite1Test -->
</testsuite> <!-- chrome -->
