<?xml version="1.0" encoding="UTF-8"?>
<!-- Generated by org.testng.reporters.JUnitXMLReporter -->
<testsuite ignored="18" hostname="DESKTOP-TCG2L2E" failures="0" tests="10" name="firefox" time="479.299" errors="0" timestamp="2022-05-21T13:17:58 IST">
  <testcase classname="com.vtiger.organizationsTCTest.CheckMassEditFromOrganizationRecordsTest" name="checkMassEditFromOrganizationRecordsTest" time="13.111"/>
  <testcase classname="com.vtiger.campaignTest.CreateCampaignTest" name="createCampaignByTestNgTest" time="23.227"/>
  <testcase classname="com.vtiger.campaignTest.CreateCampaignWithProductsTest" name="createCampaignWithProductsByTest" time="37.702"/>
  <testcase classname="com.vtiger.contactsTest.CreateContactsWithOrganizationTest" name="createContactWithOrganizationByTestNgTest" time="44.749"/>
  <testcase classname="com.vtiger.organizationsTCTest.TcSearchOrganizationsByAssignedToTest" name="tcSearchOrganizationsByAssignedToByTestNgTest" time="28.534"/>
  <testcase classname="com.vtiger.organizationsTCTest.CheckOrganizationSettingTest" name="checkOrganizationSettingByTestNgTest" time="9.714"/>
  <testcase classname="com.vtiger.organizationsTest.CreateOrganizationsTest" name="createOrganizationByTestNgTest" time="24.085"/>
  <testcase classname="com.vtiger.productsTest.CreateProductsTest" name="createProductsFromPropertiesByTestNgTest" time="22.664"/>
  <testcase classname="com.vtiger.organizationsTCTest.OpenCreatedOrganizationFromOrganizationListTest" name="openCreatedOrganizationFromOrganizationListByTestNgTest" time="32.353"/>
  <testcase classname="com.vtiger.contactsTest.CreateContactsTest" name="createContactWithExternalExcelByTestNgTest" time="20.333"/>
  <testcase classname="com.sdet34l1.genericUtility.BaseClass" name="@BeforeSuite beforeSuite1Test" time="0.0">
    <ignored/>
  </testcase> <!-- @BeforeSuite beforeSuite1Test -->
  <testcase classname="com.sdet34l1.genericUtility.BaseClass" name="@BeforeSuite beforeSuite1Test" time="0.0">
    <ignored/>
  </testcase> <!-- @BeforeSuite beforeSuite1Test -->
  <testcase classname="com.sdet34l1.genericUtility.BaseClass" name="@BeforeSuite beforeSuite1Test" time="0.0">
    <ignored/>
  </testcase> <!-- @BeforeSuite beforeSuite1Test -->
  <testcase classname="com.sdet34l1.genericUtility.BaseClass" name="@BeforeSuite beforeSuite1Test" time="0.0">
    <ignored/>
  </testcase> <!-- @BeforeSuite beforeSuite1Test -->
  <testcase classname="com.sdet34l1.genericUtility.BaseClass" name="@BeforeSuite beforeSuite1Test" time="0.0">
    <ignored/>
  </testcase> <!-- @BeforeSuite beforeSuite1Test -->
  <testcase classname="com.sdet34l1.genericUtility.BaseClass" name="@BeforeSuite beforeSuite1Test" time="0.0">
    <ignored/>
  </testcase> <!-- @BeforeSuite beforeSuite1Test -->
  <testcase classname="com.sdet34l1.genericUtility.BaseClass" name="@BeforeSuite beforeSuite1Test" time="0.0">
    <ignored/>
  </testcase> <!-- @BeforeSuite beforeSuite1Test -->
  <testcase classname="com.sdet34l1.genericUtility.BaseClass" name="@BeforeSuite beforeSuite1Test" time="0.0">
    <ignored/>
  </testcase> <!-- @BeforeSuite beforeSuite1Test -->
  <testcase classname="com.sdet34l1.genericUtility.BaseClass" name="@BeforeSuite beforeSuite1Test" time="0.0">
    <ignored/>
  </testcase> <!-- @BeforeSuite beforeSuite1Test -->
  <testcase classname="com.sdet34l1.genericUtility.BaseClass" name="@AfterSuite afterSuite1Test" time="0.0">
    <ignored/>
  </testcase> <!-- @AfterSuite afterSuite1Test -->
  <testcase classname="com.sdet34l1.genericUtility.BaseClass" name="@AfterSuite afterSuite1Test" time="0.0">
    <ignored/>
  </testcase> <!-- @AfterSuite afterSuite1Test -->
  <testcase classname="com.sdet34l1.genericUtility.BaseClass" name="@AfterSuite afterSuite1Test" time="0.0">
    <ignored/>
  </testcase> <!-- @AfterSuite afterSuite1Test -->
  <testcase classname="com.sdet34l1.genericUtility.BaseClass" name="@AfterSuite afterSuite1Test" time="0.0">
    <ignored/>
  </testcase> <!-- @AfterSuite afterSuite1Test -->
  <testcase classname="com.sdet34l1.genericUtility.BaseClass" name="@AfterSuite afterSuite1Test" time="0.0">
    <ignored/>
  </testcase> <!-- @AfterSuite afterSuite1Test -->
  <testcase classname="com.sdet34l1.genericUtility.BaseClass" name="@AfterSuite afterSuite1Test" time="0.0">
    <ignored/>
  </testcase> <!-- @AfterSuite afterSuite1Test -->
  <testcase classname="com.sdet34l1.genericUtility.BaseClass" name="@AfterSuite afterSuite1Test" time="0.0">
    <ignored/>
  </testcase> <!-- @AfterSuite afterSuite1Test -->
  <testcase classname="com.sdet34l1.genericUtility.BaseClass" name="@AfterSuite afterSuite1Test" time="0.0">
    <ignored/>
  </testcase> <!-- @AfterSuite afterSuite1Test -->
  <testcase classname="com.sdet34l1.genericUtility.BaseClass" name="@AfterSuite afterSuite1Test" time="0.0">
    <ignored/>
  </testcase> <!-- @AfterSuite afterSuite1Test -->
</testsuite> <!-- firefox -->
