<?xml version="1.0" encoding="UTF-8"?>
<!-- Generated by org.testng.reporters.JUnitXMLReporter -->
<testsuite ignored="24" hostname="DESKTOP-TCG2L2E" failures="0" tests="13" name="Test1" time="450.55" errors="0" timestamp="2022-05-20T11:19:54 IST">
  <testcase classname="com.vtiger.organizationsTCTest.CheckMassEditFromOrganizationRecordsTest" name="checkMassEditFromOrganizationRecordsTest" time="11.879"/>
  <testcase classname="com.vtiger.organizationsTCTest.FindDupicatesOrganizationTest" name="findDupicatesOrganizationByTestNgTest" time="8.138"/>
  <testcase classname="com.vtiger.campaignTest.CreateCampaignTest" name="createCampaignByTestNgTest" time="22.147"/>
  <testcase classname="com.vtiger.campaignTest.CreateCampaignWithProductsTest" name="createCampaignWithProductsByTest" time="27.486"/>
  <testcase classname="com.vtiger.documentsTest.CreateDocumentTest" name="createDocumentWithIframByTestNgTest" time="16.676"/>
  <testcase classname="com.vtiger.contactsTest.CreateContactsWithOrganizationTest" name="createContactWithOrganizationByTestNgTest" time="37.499"/>
  <testcase classname="com.vtiger.organizationsTCTest.TcSearchOrganizationsByAssignedToTest" name="tcSearchOrganizationsByAssignedToByTestNgTest" time="18.865"/>
  <testcase classname="com.vtiger.organizationsTest.CreateOrganizationsDropdownTest" name="createOrganizationByTestNgInIndustryTest" time="18.501"/>
  <testcase classname="com.vtiger.organizationsTCTest.CheckOrganizationSettingTest" name="checkOrganizationSettingByTestNgTest" time="10.815"/>
  <testcase classname="com.vtiger.organizationsTest.CreateOrganizationsTest" name="createOrganizationByTestNgTest" time="14.195"/>
  <testcase classname="com.vtiger.productsTest.CreateProductsTest" name="createProductsFromPropertiesByTestNgTest" time="13.057"/>
  <testcase classname="com.vtiger.organizationsTCTest.OpenCreatedOrganizationFromOrganizationListTest" name="openCreatedOrganizationFromOrganizationListByTestNgTest" time="20.015"/>
  <testcase classname="com.vtiger.contactsTest.CreateContactsTest" name="createContactWithExternalExcelByTestNgTest" time="14.76"/>
  <testcase classname="com.sdet34l1.genericUtility.BaseClass" name="@BeforeSuite beforeSuite1Test" time="0.0">
    <ignored/>
  </testcase> <!-- @BeforeSuite beforeSuite1Test -->
  <testcase classname="com.sdet34l1.genericUtility.BaseClass" name="@BeforeSuite beforeSuite1Test" time="0.0">
    <ignored/>
  </testcase> <!-- @BeforeSuite beforeSuite1Test -->
  <testcase classname="com.sdet34l1.genericUtility.BaseClass" name="@BeforeSuite beforeSuite1Test" time="0.0">
    <ignored/>
  </testcase> <!-- @BeforeSuite beforeSuite1Test -->
  <testcase classname="com.sdet34l1.genericUtility.BaseClass" name="@BeforeSuite beforeSuite1Test" time="0.0">
    <ignored/>
  </testcase> <!-- @BeforeSuite beforeSuite1Test -->
  <testcase classname="com.sdet34l1.genericUtility.BaseClass" name="@BeforeSuite beforeSuite1Test" time="0.0">
    <ignored/>
  </testcase> <!-- @BeforeSuite beforeSuite1Test -->
  <testcase classname="com.sdet34l1.genericUtility.BaseClass" name="@BeforeSuite beforeSuite1Test" time="0.0">
    <ignored/>
  </testcase> <!-- @BeforeSuite beforeSuite1Test -->
  <testcase classname="com.sdet34l1.genericUtility.BaseClass" name="@BeforeSuite beforeSuite1Test" time="0.0">
    <ignored/>
  </testcase> <!-- @BeforeSuite beforeSuite1Test -->
  <testcase classname="com.sdet34l1.genericUtility.BaseClass" name="@BeforeSuite beforeSuite1Test" time="0.0">
    <ignored/>
  </testcase> <!-- @BeforeSuite beforeSuite1Test -->
  <testcase classname="com.sdet34l1.genericUtility.BaseClass" name="@BeforeSuite beforeSuite1Test" time="0.0">
    <ignored/>
  </testcase> <!-- @BeforeSuite beforeSuite1Test -->
  <testcase classname="com.sdet34l1.genericUtility.BaseClass" name="@BeforeSuite beforeSuite1Test" time="0.0">
    <ignored/>
  </testcase> <!-- @BeforeSuite beforeSuite1Test -->
  <testcase classname="com.sdet34l1.genericUtility.BaseClass" name="@BeforeSuite beforeSuite1Test" time="0.0">
    <ignored/>
  </testcase> <!-- @BeforeSuite beforeSuite1Test -->
  <testcase classname="com.sdet34l1.genericUtility.BaseClass" name="@BeforeSuite beforeSuite1Test" time="0.0">
    <ignored/>
  </testcase> <!-- @BeforeSuite beforeSuite1Test -->
  <testcase classname="com.sdet34l1.genericUtility.BaseClass" name="@AfterSuite afterSuite1Test" time="0.0">
    <ignored/>
  </testcase> <!-- @AfterSuite afterSuite1Test -->
  <testcase classname="com.sdet34l1.genericUtility.BaseClass" name="@AfterSuite afterSuite1Test" time="0.0">
    <ignored/>
  </testcase> <!-- @AfterSuite afterSuite1Test -->
  <testcase classname="com.sdet34l1.genericUtility.BaseClass" name="@AfterSuite afterSuite1Test" time="0.0">
    <ignored/>
  </testcase> <!-- @AfterSuite afterSuite1Test -->
  <testcase classname="com.sdet34l1.genericUtility.BaseClass" name="@AfterSuite afterSuite1Test" time="0.0">
    <ignored/>
  </testcase> <!-- @AfterSuite afterSuite1Test -->
  <testcase classname="com.sdet34l1.genericUtility.BaseClass" name="@AfterSuite afterSuite1Test" time="0.0">
    <ignored/>
  </testcase> <!-- @AfterSuite afterSuite1Test -->
  <testcase classname="com.sdet34l1.genericUtility.BaseClass" name="@AfterSuite afterSuite1Test" time="0.0">
    <ignored/>
  </testcase> <!-- @AfterSuite afterSuite1Test -->
  <testcase classname="com.sdet34l1.genericUtility.BaseClass" name="@AfterSuite afterSuite1Test" time="0.0">
    <ignored/>
  </testcase> <!-- @AfterSuite afterSuite1Test -->
  <testcase classname="com.sdet34l1.genericUtility.BaseClass" name="@AfterSuite afterSuite1Test" time="0.0">
    <ignored/>
  </testcase> <!-- @AfterSuite afterSuite1Test -->
  <testcase classname="com.sdet34l1.genericUtility.BaseClass" name="@AfterSuite afterSuite1Test" time="0.0">
    <ignored/>
  </testcase> <!-- @AfterSuite afterSuite1Test -->
  <testcase classname="com.sdet34l1.genericUtility.BaseClass" name="@AfterSuite afterSuite1Test" time="0.0">
    <ignored/>
  </testcase> <!-- @AfterSuite afterSuite1Test -->
  <testcase classname="com.sdet34l1.genericUtility.BaseClass" name="@AfterSuite afterSuite1Test" time="0.0">
    <ignored/>
  </testcase> <!-- @AfterSuite afterSuite1Test -->
  <testcase classname="com.sdet34l1.genericUtility.BaseClass" name="@AfterSuite afterSuite1Test" time="0.0">
    <ignored/>
  </testcase> <!-- @AfterSuite afterSuite1Test -->
</testsuite> <!-- Test1 -->
